{"/Users/unrealmanu/PROGETTI/manuel/ga-4-react/src/index.tsx": {"path":"/Users/unrealmanu/PROGETTI/manuel/ga-4-react/src/index.tsx","statementMap":{"0":{"start":{"line":1,"column":0},"end":{"line":1,"column":63}},"1":{"start":{"line":3,"column":0},"end":{"line":3,"column":69}},"2":{"start":{"line":5,"column":0},"end":{"line":5,"column":69}},"3":{"start":{"line":7,"column":0},"end":{"line":7,"column":78}},"4":{"start":{"line":9,"column":13},"end":{"line":9,"column":40}},"5":{"start":{"line":11,"column":13},"end":{"line":11,"column":35}},"6":{"start":{"line":13,"column":13},"end":{"line":13,"column":43}},"7":{"start":{"line":15,"column":13},"end":{"line":15,"column":47}},"8":{"start":{"line":17,"column":0},"end":{"line":17,"column":31}}},"fnMap":{},"branchMap":{},"s":{"0":7,"1":7,"2":7,"3":7,"4":7,"5":7,"6":7,"7":7,"8":7},"f":{},"b":{}}
,"/Users/unrealmanu/PROGETTI/manuel/ga-4-react/src/components/GA4RComponents.tsx": {"path":"/Users/unrealmanu/PROGETTI/manuel/ga-4-react/src/components/GA4RComponents.tsx","statementMap":{"0":{"start":{"line":1,"column":0},"end":{"line":1,"column":51}},"1":{"start":{"line":2,"column":0},"end":{"line":2,"column":43}},"2":{"start":{"line":18,"column":18},"end":{"line":41,"column":1}},"3":{"start":{"line":23,"column":2},"end":{"line":40,"column":4}},"4":{"start":{"line":25,"column":6},"end":{"line":27,"column":null}},"5":{"start":{"line":26,"column":8},"end":{"line":26,"column":56}},"6":{"start":{"line":30,"column":6},"end":{"line":38,"column":null}},"7":{"start":{"line":31,"column":8},"end":{"line":35,"column":11}},"8":{"start":{"line":37,"column":8},"end":{"line":37,"column":21}},"9":{"start":{"line":43,"column":37},"end":{"line":77,"column":1}},"10":{"start":{"line":44,"column":6},"end":{"line":44,"column":null}},"11":{"start":{"line":45,"column":9},"end":{"line":45,"column":null}},"12":{"start":{"line":46,"column":8},"end":{"line":46,"column":null}},"13":{"start":{"line":47,"column":16},"end":{"line":47,"column":null}},"14":{"start":{"line":48,"column":10},"end":{"line":48,"column":null}},"15":{"start":{"line":50,"column":38},"end":{"line":50,"column":57}},"16":{"start":{"line":50,"column":19},"end":{"line":50,"column":21}},"17":{"start":{"line":50,"column":34},"end":{"line":50,"column":38}},"18":{"start":{"line":52,"column":2},"end":{"line":74,"column":9}},"19":{"start":{"line":53,"column":4},"end":{"line":73,"column":null}},"20":{"start":{"line":54,"column":25},"end":{"line":58,"column":null}},"21":{"start":{"line":60,"column":6},"end":{"line":67,"column":8}},"22":{"start":{"line":62,"column":10},"end":{"line":62,"column":50}},"23":{"start":{"line":65,"column":10},"end":{"line":65,"column":29}},"24":{"start":{"line":69,"column":18},"end":{"line":69,"column":40}},"25":{"start":{"line":70,"column":6},"end":{"line":72,"column":null}},"26":{"start":{"line":71,"column":8},"end":{"line":71,"column":48}},"27":{"start":{"line":76,"column":2},"end":{"line":76,"column":27}},"28":{"start":{"line":43,"column":13},"end":{"line":43,"column":37}},"29":{"start":{"line":79,"column":0},"end":{"line":79,"column":20}}},"fnMap":{"0":{"name":"(anonymous_0)","decl":{"start":{"line":18,"column":18},"end":{"line":18,"column":null}},"loc":{"start":{"line":21,"column":31},"end":{"line":41,"column":1}}},"1":{"name":"(anonymous_1)","decl":{"start":{"line":24,"column":33},"end":{"line":24,"column":34}},"loc":{"start":{"line":24,"column":67},"end":{"line":39,"column":5}}},"2":{"name":"(anonymous_2)","decl":{"start":{"line":43,"column":37},"end":{"line":43,"column":38}},"loc":{"start":{"line":49,"column":1},"end":{"line":77,"column":1}}},"3":{"name":"(anonymous_3)","decl":{"start":{"line":52,"column":12},"end":{"line":52,"column":null}},"loc":{"start":{"line":52,"column":12},"end":{"line":74,"column":3}}},"4":{"name":"(anonymous_4)","decl":{"start":{"line":61,"column":8},"end":{"line":61,"column":9}},"loc":{"start":{"line":61,"column":38},"end":{"line":63,"column":9}}},"5":{"name":"(anonymous_5)","decl":{"start":{"line":64,"column":8},"end":{"line":64,"column":11}},"loc":{"start":{"line":64,"column":11},"end":{"line":66,"column":9}}}},"branchMap":{"0":{"loc":{"start":{"line":25,"column":6},"end":{"line":27,"column":null}},"type":"if","locations":[{"start":{"line":25,"column":6},"end":{"line":27,"column":null}},{"start":{"line":25,"column":6},"end":{"line":27,"column":null}}]},"1":{"loc":{"start":{"line":30,"column":6},"end":{"line":38,"column":null}},"type":"if","locations":[{"start":{"line":30,"column":6},"end":{"line":38,"column":null}},{"start":{"line":30,"column":6},"end":{"line":38,"column":null}}]},"2":{"loc":{"start":{"line":30,"column":10},"end":{"line":30,"column":20}},"type":"binary-expr","locations":[{"start":{"line":30,"column":10},"end":{"line":30,"column":20}},{"start":{"line":30,"column":24},"end":{"line":30,"column":62}}]},"3":{"loc":{"start":{"line":53,"column":4},"end":{"line":73,"column":null}},"type":"if","locations":[{"start":{"line":53,"column":4},"end":{"line":73,"column":null}},{"start":{"line":53,"column":4},"end":{"line":73,"column":null}}]},"4":{"loc":{"start":{"line":70,"column":6},"end":{"line":72,"column":null}},"type":"if","locations":[{"start":{"line":70,"column":6},"end":{"line":72,"column":null}},{"start":{"line":70,"column":6},"end":{"line":72,"column":null}}]}},"s":{"0":7,"1":7,"2":7,"3":3,"4":3,"5":1,"6":2,"7":1,"8":1,"9":7,"10":8,"11":7,"12":7,"13":7,"14":7,"15":7,"16":7,"17":7,"18":7,"19":4,"20":2,"21":2,"22":1,"23":1,"24":2,"25":2,"26":2,"27":7,"28":7,"29":7},"f":{"0":3,"1":3,"2":8,"3":4,"4":1,"5":1},"b":{"0":[1,2],"1":[1,1],"2":[2,2],"3":[2,2],"4":[2,0]}}
,"/Users/unrealmanu/PROGETTI/manuel/ga-4-react/src/components/withTracker.tsx": {"path":"/Users/unrealmanu/PROGETTI/manuel/ga-4-react/src/components/withTracker.tsx","statementMap":{"0":{"start":{"line":1,"column":0},"end":{"line":1,"column":41}},"1":{"start":{"line":2,"column":0},"end":{"line":2,"column":26}},"2":{"start":{"line":18,"column":2},"end":{"line":56,"column":4}},"3":{"start":{"line":27,"column":8},"end":{"line":27,"column":14}},"4":{"start":{"line":28,"column":4},"end":{"line":54,"column":7}},"5":{"start":{"line":29,"column":6},"end":{"line":53,"column":null}},"6":{"start":{"line":31,"column":22},"end":{"line":31,"column":44}},"7":{"start":{"line":32,"column":10},"end":{"line":34,"column":null}},"8":{"start":{"line":33,"column":12},"end":{"line":33,"column":48}},"9":{"start":{"line":35,"column":10},"end":{"line":35,"column":16}},"10":{"start":{"line":38,"column":27},"end":{"line":42,"column":null}},"11":{"start":{"line":44,"column":10},"end":{"line":51,"column":12}},"12":{"start":{"line":46,"column":14},"end":{"line":46,"column":50}},"13":{"start":{"line":49,"column":14},"end":{"line":49,"column":33}},"14":{"start":{"line":52,"column":10},"end":{"line":52,"column":16}},"15":{"start":{"line":55,"column":4},"end":{"line":55,"column":38}},"16":{"start":{"line":15,"column":0},"end":{"line":15,"column":16}},"17":{"start":{"line":59,"column":0},"end":{"line":59,"column":27}}},"fnMap":{"0":{"name":"withTracker","decl":{"start":{"line":15,"column":16},"end":{"line":15,"column":27}},"loc":{"start":{"line":16,"column":28},"end":{"line":57,"column":1}}},"1":{"name":"(anonymous_1)","decl":{"start":{"line":18,"column":9},"end":{"line":18,"column":10}},"loc":{"start":{"line":18,"column":55},"end":{"line":56,"column":3}}},"2":{"name":"(anonymous_2)","decl":{"start":{"line":28,"column":14},"end":{"line":28,"column":null}},"loc":{"start":{"line":28,"column":14},"end":{"line":54,"column":5}}},"3":{"name":"(anonymous_3)","decl":{"start":{"line":45,"column":12},"end":{"line":45,"column":13}},"loc":{"start":{"line":45,"column":42},"end":{"line":47,"column":13}}},"4":{"name":"(anonymous_4)","decl":{"start":{"line":48,"column":12},"end":{"line":48,"column":13}},"loc":{"start":{"line":48,"column":23},"end":{"line":50,"column":13}}}},"branchMap":{"0":{"loc":{"start":{"line":30,"column":8},"end":{"line":35,"column":16}},"type":"switch","locations":[{"start":{"line":30,"column":8},"end":{"line":35,"column":16}},{"start":{"line":36,"column":8},"end":{"line":36,"column":16}},{"start":{"line":37,"column":8},"end":{"line":52,"column":16}}]},"1":{"loc":{"start":{"line":32,"column":10},"end":{"line":34,"column":null}},"type":"if","locations":[{"start":{"line":32,"column":10},"end":{"line":34,"column":null}},{"start":{"line":32,"column":10},"end":{"line":34,"column":null}}]}},"s":{"0":7,"1":7,"2":2,"3":21,"4":3,"5":3,"6":1,"7":1,"8":1,"9":1,"10":2,"11":2,"12":2,"13":0,"14":2,"15":3,"16":7,"17":7},"f":{"0":2,"1":3,"2":3,"3":2,"4":0},"b":{"0":[1,0,2],"1":[1,0]}}
,"/Users/unrealmanu/PROGETTI/manuel/ga-4-react/src/hooks/useGA4React.tsx": {"path":"/Users/unrealmanu/PROGETTI/manuel/ga-4-react/src/hooks/useGA4React.tsx","statementMap":{"0":{"start":{"line":1,"column":0},"end":{"line":1,"column":44}},"1":{"start":{"line":2,"column":0},"end":{"line":2,"column":26}},"2":{"start":{"line":5,"column":27},"end":{"line":40,"column":1}},"3":{"start":{"line":11,"column":24},"end":{"line":11,"column":76}},"4":{"start":{"line":11,"column":12},"end":{"line":11,"column":14}},"5":{"start":{"line":11,"column":20},"end":{"line":11,"column":24}},"6":{"start":{"line":12,"column":2},"end":{"line":38,"column":15}},"7":{"start":{"line":13,"column":4},"end":{"line":37,"column":null}},"8":{"start":{"line":14,"column":6},"end":{"line":34,"column":null}},"9":{"start":{"line":16,"column":27},"end":{"line":20,"column":null}},"10":{"start":{"line":22,"column":10},"end":{"line":29,"column":12}},"11":{"start":{"line":24,"column":14},"end":{"line":24,"column":26}},"12":{"start":{"line":27,"column":14},"end":{"line":27,"column":33}},"13":{"start":{"line":30,"column":10},"end":{"line":30,"column":16}},"14":{"start":{"line":32,"column":10},"end":{"line":32,"column":41}},"15":{"start":{"line":33,"column":10},"end":{"line":33,"column":16}},"16":{"start":{"line":36,"column":6},"end":{"line":36,"column":37}},"17":{"start":{"line":39,"column":2},"end":{"line":39,"column":13}},"18":{"start":{"line":5,"column":13},"end":{"line":5,"column":27}}},"fnMap":{"0":{"name":"(anonymous_0)","decl":{"start":{"line":5,"column":27},"end":{"line":5,"column":null}},"loc":{"start":{"line":9,"column":20},"end":{"line":40,"column":1}}},"1":{"name":"(anonymous_1)","decl":{"start":{"line":12,"column":12},"end":{"line":12,"column":null}},"loc":{"start":{"line":12,"column":12},"end":{"line":38,"column":3}}},"2":{"name":"(anonymous_2)","decl":{"start":{"line":23,"column":12},"end":{"line":23,"column":13}},"loc":{"start":{"line":23,"column":42},"end":{"line":25,"column":13}}},"3":{"name":"(anonymous_3)","decl":{"start":{"line":26,"column":12},"end":{"line":26,"column":13}},"loc":{"start":{"line":26,"column":23},"end":{"line":28,"column":13}}}},"branchMap":{"0":{"loc":{"start":{"line":13,"column":4},"end":{"line":37,"column":null}},"type":"if","locations":[{"start":{"line":13,"column":4},"end":{"line":37,"column":null}},{"start":{"line":13,"column":4},"end":{"line":37,"column":null}}]},"1":{"loc":{"start":{"line":15,"column":8},"end":{"line":30,"column":16}},"type":"switch","locations":[{"start":{"line":15,"column":8},"end":{"line":30,"column":16}},{"start":{"line":31,"column":8},"end":{"line":33,"column":16}}]}},"s":{"0":7,"1":7,"2":7,"3":7,"4":6,"5":6,"6":6,"7":4,"8":3,"9":2,"10":2,"11":1,"12":1,"13":2,"14":1,"15":1,"16":1,"17":6,"18":7},"f":{"0":7,"1":4,"2":1,"3":1},"b":{"0":[3,1],"1":[2,1]}}
,"/Users/unrealmanu/PROGETTI/manuel/ga-4-react/src/lib/ga4manager.tsx": {"path":"/Users/unrealmanu/PROGETTI/manuel/ga-4-react/src/lib/ga4manager.tsx","statementMap":{"0":{"start":{"line":11,"column":13},"end":{"line":11,"column":50}},"1":{"start":{"line":25,"column":0},"end":{"line":25,"column":13}},"2":{"start":{"line":28,"column":12},"end":{"line":28,"column":26}},"3":{"start":{"line":29,"column":12},"end":{"line":29,"column":39}},"4":{"start":{"line":30,"column":12},"end":{"line":30,"column":44}},"5":{"start":{"line":31,"column":12},"end":{"line":31,"column":28}},"6":{"start":{"line":26,"column":10},"end":{"line":26,"column":54}},"7":{"start":{"line":33,"column":4},"end":{"line":33,"column":31}},"8":{"start":{"line":34,"column":4},"end":{"line":34,"column":25}},"9":{"start":{"line":35,"column":4},"end":{"line":35,"column":35}},"10":{"start":{"line":36,"column":4},"end":{"line":36,"column":45}},"11":{"start":{"line":42,"column":10},"end":{"line":48,"column":null}},"12":{"start":{"line":43,"column":4},"end":{"line":47,"column":6}},"13":{"start":{"line":54,"column":9},"end":{"line":132,"column":null}},"14":{"start":{"line":54,"column":2},"end":{"line":54,"column":9}},"15":{"start":{"line":55,"column":4},"end":{"line":131,"column":7}},"16":{"start":{"line":56,"column":6},"end":{"line":58,"column":null}},"17":{"start":{"line":57,"column":8},"end":{"line":57,"column":59}},"18":{"start":{"line":60,"column":36},"end":{"line":60,"column":76}},"19":{"start":{"line":61,"column":45},"end":{"line":61,"column":77}},"20":{"start":{"line":62,"column":6},"end":{"line":62,"column":44}},"21":{"start":{"line":63,"column":6},"end":{"line":66,"column":8}},"22":{"start":{"line":67,"column":6},"end":{"line":105,"column":8}},"23":{"start":{"line":68,"column":43},"end":{"line":69,"column":null}},"24":{"start":{"line":71,"column":8},"end":{"line":73,"column":null}},"25":{"start":{"line":72,"column":10},"end":{"line":72,"column":26}},"26":{"start":{"line":75,"column":46},"end":{"line":75,"column":78}},"27":{"start":{"line":77,"column":8},"end":{"line":77,"column":57}},"28":{"start":{"line":79,"column":33},"end":{"line":82,"column":74}},"29":{"start":{"line":84,"column":8},"end":{"line":90,"column":null}},"30":{"start":{"line":85,"column":10},"end":{"line":89,"column":13}},"31":{"start":{"line":86,"column":12},"end":{"line":88,"column":18}},"32":{"start":{"line":92,"column":8},"end":{"line":92,"column":42}},"33":{"start":{"line":94,"column":8},"end":{"line":94,"column":37}},"34":{"start":{"line":96,"column":51},"end":{"line":96,"column":73}},"35":{"start":{"line":98,"column":8},"end":{"line":100,"column":null}},"36":{"start":{"line":99,"column":10},"end":{"line":99,"column":51}},"37":{"start":{"line":102,"column":8},"end":{"line":102,"column":67}},"38":{"start":{"line":104,"column":8},"end":{"line":104,"column":26}},"39":{"start":{"line":107,"column":6},"end":{"line":109,"column":8}},"40":{"start":{"line":108,"column":8},"end":{"line":108,"column":60}},"41":{"start":{"line":111,"column":33},"end":{"line":124,"column":7}},"42":{"start":{"line":112,"column":8},"end":{"line":123,"column":null}},"43":{"start":{"line":115,"column":12},"end":{"line":121,"column":null}},"44":{"start":{"line":116,"column":14},"end":{"line":116,"column":44}},"45":{"start":{"line":117,"column":14},"end":{"line":120,"column":16}},"46":{"start":{"line":122,"column":12},"end":{"line":122,"column":18}},"47":{"start":{"line":126,"column":6},"end":{"line":126,"column":72}},"48":{"start":{"line":128,"column":6},"end":{"line":130,"column":23}},"49":{"start":{"line":129,"column":8},"end":{"line":129,"column":46}},"50":{"start":{"line":138,"column":9},"end":{"line":148,"column":null}},"51":{"start":{"line":143,"column":4},"end":{"line":147,"column":7}},"52":{"start":{"line":157,"column":9},"end":{"line":168,"column":null}},"53":{"start":{"line":161,"column":4},"end":{"line":161,"column":null}},"54":{"start":{"line":163,"column":4},"end":{"line":167,"column":7}},"55":{"start":{"line":174,"column":9},"end":{"line":177,"column":null}},"56":{"start":{"line":174,"column":12},"end":{"line":174,"column":24}},"57":{"start":{"line":176,"column":4},"end":{"line":176,"column":30}},"58":{"start":{"line":183,"column":9},"end":{"line":186,"column":null}},"59":{"start":{"line":183,"column":14},"end":{"line":183,"column":26}},"60":{"start":{"line":185,"column":4},"end":{"line":185,"column":32}},"61":{"start":{"line":191,"column":9},"end":{"line":198,"column":null}},"62":{"start":{"line":192,"column":4},"end":{"line":197,"column":null}},"63":{"start":{"line":194,"column":8},"end":{"line":194,"column":20}},"64":{"start":{"line":196,"column":8},"end":{"line":196,"column":21}},"65":{"start":{"line":203,"column":9},"end":{"line":209,"column":null}},"66":{"start":{"line":204,"column":4},"end":{"line":208,"column":null}},"67":{"start":{"line":205,"column":6},"end":{"line":205,"column":41}},"68":{"start":{"line":207,"column":6},"end":{"line":207,"column":62}},"69":{"start":{"line":210,"column":0},"end":{"line":210,"column":null}},"70":{"start":{"line":25,"column":13},"end":{"line":25,"column":21}},"71":{"start":{"line":212,"column":0},"end":{"line":212,"column":24}}},"fnMap":{"0":{"name":"(anonymous_0)","decl":{"start":{"line":25,"column":0},"end":{"line":25,"column":13}},"loc":{"start":{"line":25,"column":0},"end":{"line":210,"column":null}}},"1":{"name":"GA4React","decl":{"start":{"line":27,"column":2},"end":{"line":27,"column":null}},"loc":{"start":{"line":31,"column":28},"end":{"line":37,"column":3}}},"2":{"name":"(anonymous_2)","decl":{"start":{"line":42,"column":2},"end":{"line":42,"column":10}},"loc":{"start":{"line":42,"column":2},"end":{"line":48,"column":3}}},"3":{"name":"(anonymous_3)","decl":{"start":{"line":54,"column":2},"end":{"line":54,"column":9}},"loc":{"start":{"line":54,"column":2},"end":{"line":132,"column":3}}},"4":{"name":"(anonymous_4)","decl":{"start":{"line":55,"column":23},"end":{"line":55,"column":24}},"loc":{"start":{"line":55,"column":39},"end":{"line":131,"column":5}}},"5":{"name":"(anonymous_5)","decl":{"start":{"line":67,"column":27},"end":{"line":67,"column":null}},"loc":{"start":{"line":67,"column":27},"end":{"line":105,"column":7}}},"6":{"name":"(anonymous_6)","decl":{"start":{"line":85,"column":40},"end":{"line":85,"column":41}},"loc":{"start":{"line":85,"column":53},"end":{"line":89,"column":11}}},"7":{"name":"(anonymous_7)","decl":{"start":{"line":107,"column":28},"end":{"line":107,"column":null}},"loc":{"start":{"line":107,"column":28},"end":{"line":109,"column":7}}},"8":{"name":"(anonymous_8)","decl":{"start":{"line":111,"column":33},"end":{"line":111,"column":null}},"loc":{"start":{"line":111,"column":33},"end":{"line":124,"column":7}}},"9":{"name":"(anonymous_9)","decl":{"start":{"line":128,"column":17},"end":{"line":128,"column":null}},"loc":{"start":{"line":128,"column":17},"end":{"line":130,"column":7}}},"10":{"name":"(anonymous_10)","decl":{"start":{"line":138,"column":2},"end":{"line":138,"column":9}},"loc":{"start":{"line":141,"column":18},"end":{"line":148,"column":3}}},"11":{"name":"(anonymous_11)","decl":{"start":{"line":157,"column":2},"end":{"line":157,"column":9}},"loc":{"start":{"line":161,"column":35},"end":{"line":168,"column":3}}},"12":{"name":"(anonymous_12)","decl":{"start":{"line":174,"column":2},"end":{"line":174,"column":9}},"loc":{"start":{"line":174,"column":2},"end":{"line":177,"column":3}}},"13":{"name":"(anonymous_13)","decl":{"start":{"line":183,"column":2},"end":{"line":183,"column":9}},"loc":{"start":{"line":183,"column":2},"end":{"line":186,"column":3}}},"14":{"name":"(anonymous_14)","decl":{"start":{"line":191,"column":2},"end":{"line":191,"column":9}},"loc":{"start":{"line":191,"column":2},"end":{"line":198,"column":3}}},"15":{"name":"(anonymous_15)","decl":{"start":{"line":203,"column":2},"end":{"line":203,"column":9}},"loc":{"start":{"line":203,"column":2},"end":{"line":209,"column":3}}}},"branchMap":{"0":{"loc":{"start":{"line":33,"column":18},"end":{"line":33,"column":24}},"type":"binary-expr","locations":[{"start":{"line":33,"column":18},"end":{"line":33,"column":24}},{"start":{"line":33,"column":28},"end":{"line":33,"column":30}}]},"1":{"loc":{"start":{"line":35,"column":19},"end":{"line":35,"column":26}},"type":"binary-expr","locations":[{"start":{"line":35,"column":19},"end":{"line":35,"column":26}},{"start":{"line":35,"column":30},"end":{"line":35,"column":34}}]},"2":{"loc":{"start":{"line":56,"column":6},"end":{"line":58,"column":null}},"type":"if","locations":[{"start":{"line":56,"column":6},"end":{"line":58,"column":null}},{"start":{"line":56,"column":6},"end":{"line":58,"column":null}}]},"3":{"loc":{"start":{"line":71,"column":8},"end":{"line":73,"column":null}},"type":"if","locations":[{"start":{"line":71,"column":8},"end":{"line":73,"column":null}},{"start":{"line":71,"column":8},"end":{"line":73,"column":null}}]},"4":{"loc":{"start":{"line":84,"column":8},"end":{"line":90,"column":null}},"type":"if","locations":[{"start":{"line":84,"column":8},"end":{"line":90,"column":null}},{"start":{"line":84,"column":8},"end":{"line":90,"column":null}}]},"5":{"loc":{"start":{"line":98,"column":8},"end":{"line":100,"column":null}},"type":"if","locations":[{"start":{"line":98,"column":8},"end":{"line":100,"column":null}},{"start":{"line":98,"column":8},"end":{"line":100,"column":null}}]},"6":{"loc":{"start":{"line":113,"column":10},"end":{"line":113,"column":29}},"type":"switch","locations":[{"start":{"line":113,"column":10},"end":{"line":113,"column":29}},{"start":{"line":114,"column":10},"end":{"line":122,"column":18}}]},"7":{"loc":{"start":{"line":115,"column":12},"end":{"line":121,"column":null}},"type":"if","locations":[{"start":{"line":115,"column":12},"end":{"line":121,"column":null}},{"start":{"line":115,"column":12},"end":{"line":121,"column":null}}]},"8":{"loc":{"start":{"line":145,"column":21},"end":{"line":145,"column":29}},"type":"binary-expr","locations":[{"start":{"line":145,"column":21},"end":{"line":145,"column":29}},{"start":{"line":145,"column":33},"end":{"line":145,"column":48}}]},"9":{"loc":{"start":{"line":146,"column":18},"end":{"line":146,"column":23}},"type":"binary-expr","locations":[{"start":{"line":146,"column":18},"end":{"line":146,"column":23}},{"start":{"line":146,"column":27},"end":{"line":146,"column":41}}]},"10":{"loc":{"start":{"line":161,"column":4},"end":{"line":161,"column":null}},"type":"if","locations":[{"start":{"line":161,"column":4},"end":{"line":161,"column":null}},{"start":{"line":161,"column":4},"end":{"line":161,"column":null}}]},"11":{"loc":{"start":{"line":193,"column":6},"end":{"line":194,"column":20}},"type":"switch","locations":[{"start":{"line":193,"column":6},"end":{"line":194,"column":20}},{"start":{"line":195,"column":6},"end":{"line":196,"column":21}}]},"12":{"loc":{"start":{"line":204,"column":4},"end":{"line":208,"column":null}},"type":"if","locations":[{"start":{"line":204,"column":4},"end":{"line":208,"column":null}},{"start":{"line":204,"column":4},"end":{"line":208,"column":null}}]}},"s":{"0":7,"1":7,"2":7,"3":7,"4":7,"5":7,"6":7,"7":7,"8":7,"9":7,"10":7,"11":7,"12":11,"13":7,"14":7,"15":7,"16":7,"17":0,"18":7,"19":7,"20":7,"21":7,"22":7,"23":11,"24":11,"25":4,"26":11,"27":11,"28":11,"29":11,"30":1,"31":0,"32":11,"33":11,"34":11,"35":11,"36":0,"37":11,"38":11,"39":7,"40":0,"41":7,"42":7,"43":7,"44":7,"45":7,"46":7,"47":7,"48":7,"49":3,"50":7,"51":3,"52":7,"53":0,"54":0,"55":7,"56":0,"57":0,"58":7,"59":15,"60":3,"61":7,"62":29,"63":8,"64":21,"65":7,"66":5,"67":4,"68":1,"69":7,"70":7,"71":7},"f":{"0":7,"1":7,"2":11,"3":7,"4":7,"5":11,"6":0,"7":0,"8":7,"9":3,"10":3,"11":0,"12":0,"13":3,"14":29,"15":5},"b":{"0":[7,6],"1":[7,5],"2":[0,7],"3":[4,7],"4":[1,10],"5":[0,11],"6":[7,7],"7":[7,0],"8":[3,3],"9":[3,3],"10":[0,0],"11":[8,21],"12":[4,1]}}
}
