TN:
SF:src/index.tsx
FNF:0
FNH:0
DA:1,7
DA:3,7
DA:5,7
DA:7,7
DA:9,7
DA:11,7
DA:13,7
DA:15,7
DA:17,7
LF:9
LH:9
BRF:0
BRH:0
end_of_record
TN:
SF:src/components/GA4RComponents.tsx
FN:18,(anonymous_0)
FN:24,(anonymous_1)
FN:43,(anonymous_2)
FN:52,(anonymous_3)
FN:61,(anonymous_4)
FN:64,(anonymous_5)
FNF:6
FNH:6
FNDA:3,(anonymous_0)
FNDA:3,(anonymous_1)
FNDA:8,(anonymous_2)
FNDA:4,(anonymous_3)
FNDA:1,(anonymous_4)
FNDA:1,(anonymous_5)
DA:1,7
DA:2,7
DA:18,7
DA:23,3
DA:25,3
DA:26,1
DA:30,2
DA:31,1
DA:37,1
DA:43,7
DA:44,8
DA:45,7
DA:46,7
DA:47,7
DA:48,7
DA:50,7
DA:52,7
DA:53,4
DA:54,2
DA:60,2
DA:62,1
DA:65,1
DA:69,2
DA:70,2
DA:71,2
DA:76,7
DA:79,7
LF:27
LH:27
BRDA:25,0,0,1
BRDA:25,0,1,2
BRDA:30,1,0,1
BRDA:30,1,1,1
BRDA:30,2,0,2
BRDA:30,2,1,2
BRDA:53,3,0,2
BRDA:53,3,1,2
BRDA:70,4,0,2
BRDA:70,4,1,0
BRF:10
BRH:9
end_of_record
TN:
SF:src/components/withTracker.tsx
FN:15,withTracker
FN:18,(anonymous_1)
FN:28,(anonymous_2)
FN:45,(anonymous_3)
FN:48,(anonymous_4)
FNF:5
FNH:4
FNDA:2,withTracker
FNDA:3,(anonymous_1)
FNDA:3,(anonymous_2)
FNDA:2,(anonymous_3)
FNDA:0,(anonymous_4)
DA:1,7
DA:2,7
DA:15,7
DA:18,2
DA:27,21
DA:28,3
DA:29,3
DA:31,1
DA:32,1
DA:33,1
DA:35,1
DA:38,2
DA:44,2
DA:46,2
DA:49,0
DA:52,2
DA:55,3
DA:59,7
LF:18
LH:17
BRDA:30,0,0,1
BRDA:30,0,1,0
BRDA:30,0,2,2
BRDA:32,1,0,1
BRDA:32,1,1,0
BRF:5
BRH:3
end_of_record
TN:
SF:src/hooks/useGA4React.tsx
FN:5,(anonymous_0)
FN:12,(anonymous_1)
FN:23,(anonymous_2)
FN:26,(anonymous_3)
FNF:4
FNH:4
FNDA:7,(anonymous_0)
FNDA:4,(anonymous_1)
FNDA:1,(anonymous_2)
FNDA:1,(anonymous_3)
DA:1,7
DA:2,7
DA:5,7
DA:11,7
DA:12,6
DA:13,4
DA:14,3
DA:16,2
DA:22,2
DA:24,1
DA:27,1
DA:30,2
DA:32,1
DA:33,1
DA:36,1
DA:39,6
LF:16
LH:16
BRDA:13,0,0,3
BRDA:13,0,1,1
BRDA:15,1,0,2
BRDA:15,1,1,1
BRF:4
BRH:4
end_of_record
TN:
SF:src/lib/ga4manager.tsx
FN:25,(anonymous_0)
FN:27,GA4React
FN:42,(anonymous_2)
FN:54,(anonymous_3)
FN:55,(anonymous_4)
FN:67,(anonymous_5)
FN:85,(anonymous_6)
FN:107,(anonymous_7)
FN:111,(anonymous_8)
FN:128,(anonymous_9)
FN:138,(anonymous_10)
FN:157,(anonymous_11)
FN:174,(anonymous_12)
FN:183,(anonymous_13)
FN:191,(anonymous_14)
FN:203,(anonymous_15)
FNF:16
FNH:12
FNDA:7,(anonymous_0)
FNDA:7,GA4React
FNDA:11,(anonymous_2)
FNDA:7,(anonymous_3)
FNDA:7,(anonymous_4)
FNDA:11,(anonymous_5)
FNDA:0,(anonymous_6)
FNDA:0,(anonymous_7)
FNDA:7,(anonymous_8)
FNDA:3,(anonymous_9)
FNDA:3,(anonymous_10)
FNDA:0,(anonymous_11)
FNDA:0,(anonymous_12)
FNDA:3,(anonymous_13)
FNDA:29,(anonymous_14)
FNDA:5,(anonymous_15)
DA:11,7
DA:25,7
DA:26,7
DA:28,7
DA:29,7
DA:30,7
DA:31,7
DA:33,7
DA:34,7
DA:35,7
DA:36,7
DA:42,7
DA:43,11
DA:54,7
DA:55,7
DA:56,7
DA:57,0
DA:60,7
DA:61,7
DA:62,7
DA:63,7
DA:67,7
DA:68,11
DA:71,11
DA:72,4
DA:75,11
DA:77,11
DA:79,11
DA:84,11
DA:85,1
DA:86,0
DA:92,11
DA:94,11
DA:96,11
DA:98,11
DA:99,0
DA:102,11
DA:104,11
DA:107,7
DA:108,0
DA:111,7
DA:112,7
DA:115,7
DA:116,7
DA:117,7
DA:122,7
DA:126,7
DA:128,7
DA:129,3
DA:138,7
DA:143,3
DA:157,7
DA:161,0
DA:163,0
DA:174,7
DA:176,0
DA:183,15
DA:185,3
DA:191,7
DA:192,29
DA:194,8
DA:196,21
DA:203,7
DA:204,5
DA:205,4
DA:207,1
DA:210,7
DA:212,7
LF:68
LH:61
BRDA:33,0,0,7
BRDA:33,0,1,6
BRDA:35,1,0,7
BRDA:35,1,1,5
BRDA:56,2,0,0
BRDA:56,2,1,7
BRDA:71,3,0,4
BRDA:71,3,1,7
BRDA:84,4,0,1
BRDA:84,4,1,10
BRDA:98,5,0,0
BRDA:98,5,1,11
BRDA:113,6,0,7
BRDA:113,6,1,7
BRDA:115,7,0,7
BRDA:115,7,1,0
BRDA:145,8,0,3
BRDA:145,8,1,3
BRDA:146,9,0,3
BRDA:146,9,1,3
BRDA:161,10,0,0
BRDA:161,10,1,0
BRDA:193,11,0,8
BRDA:193,11,1,21
BRDA:204,12,0,4
BRDA:204,12,1,1
BRF:26
BRH:21
end_of_record
