TN:
SF:src/index.tsx
FNF:0
FNH:0
DA:1,4
DA:3,4
DA:5,4
DA:7,4
DA:9,4
DA:11,4
DA:13,4
DA:15,4
DA:17,4
LF:9
LH:9
BRF:0
BRH:0
end_of_record
TN:
SF:src/components/GA4RComponents.tsx
FN:18,(anonymous_0)
FN:24,(anonymous_1)
FN:43,(anonymous_2)
FN:52,(anonymous_3)
FN:61,(anonymous_4)
FN:64,(anonymous_5)
FNF:6
FNH:6
FNDA:3,(anonymous_0)
FNDA:3,(anonymous_1)
FNDA:8,(anonymous_2)
FNDA:4,(anonymous_3)
FNDA:1,(anonymous_4)
FNDA:1,(anonymous_5)
DA:1,4
DA:2,4
DA:18,4
DA:23,3
DA:25,3
DA:26,1
DA:30,2
DA:31,1
DA:37,1
DA:43,4
DA:44,8
DA:45,7
DA:46,7
DA:47,7
DA:48,7
DA:50,7
DA:52,7
DA:53,4
DA:54,2
DA:60,2
DA:62,1
DA:65,1
DA:69,2
DA:70,2
DA:71,2
DA:76,7
DA:79,4
LF:27
LH:27
BRDA:25,0,0,1
BRDA:25,0,1,2
BRDA:30,1,0,1
BRDA:30,1,1,1
BRDA:30,2,0,2
BRDA:30,2,1,2
BRDA:53,3,0,2
BRDA:53,3,1,2
BRDA:70,4,0,2
BRDA:70,4,1,0
BRF:10
BRH:9
end_of_record
TN:
SF:src/components/withTracker.tsx
FN:15,withTracker
FN:18,(anonymous_1)
FN:28,(anonymous_2)
FN:45,(anonymous_3)
FN:48,(anonymous_4)
FNF:5
FNH:5
FNDA:2,withTracker
FNDA:3,(anonymous_1)
FNDA:3,(anonymous_2)
FNDA:1,(anonymous_3)
FNDA:1,(anonymous_4)
DA:1,4
DA:2,4
DA:15,4
DA:18,2
DA:27,21
DA:28,3
DA:29,3
DA:31,1
DA:32,1
DA:33,1
DA:35,1
DA:38,2
DA:44,2
DA:46,1
DA:49,1
DA:52,2
DA:55,3
DA:59,4
LF:18
LH:18
BRDA:30,0,0,1
BRDA:30,0,1,0
BRDA:30,0,2,2
BRDA:32,1,0,1
BRDA:32,1,1,0
BRF:5
BRH:3
end_of_record
TN:
SF:src/hooks/useGA4React.tsx
FN:5,(anonymous_0)
FN:9,(anonymous_1)
FN:15,(anonymous_2)
FN:18,(anonymous_3)
FNF:4
FNH:0
FNDA:0,(anonymous_0)
FNDA:0,(anonymous_1)
FNDA:0,(anonymous_2)
FNDA:0,(anonymous_3)
DA:1,4
DA:2,4
DA:5,4
DA:8,0
DA:9,0
DA:10,0
DA:11,0
DA:13,0
DA:14,0
DA:16,0
DA:19,0
DA:22,0
DA:24,0
DA:25,0
DA:28,0
DA:31,0
LF:16
LH:3
BRDA:10,0,0,0
BRDA:10,0,1,0
BRDA:12,1,0,0
BRDA:12,1,1,0
BRF:4
BRH:0
end_of_record
TN:
SF:src/lib/ga4manager.tsx
FN:25,(anonymous_0)
FN:27,GA4React
FN:42,(anonymous_2)
FN:54,(anonymous_3)
FN:55,(anonymous_4)
FN:67,(anonymous_5)
FN:85,(anonymous_6)
FN:107,(anonymous_7)
FN:111,(anonymous_8)
FN:128,(anonymous_9)
FN:138,(anonymous_10)
FN:157,(anonymous_11)
FN:174,(anonymous_12)
FN:183,(anonymous_13)
FN:191,(anonymous_14)
FN:203,(anonymous_15)
FNF:16
FNH:12
FNDA:4,(anonymous_0)
FNDA:4,GA4React
FNDA:7,(anonymous_2)
FNDA:4,(anonymous_3)
FNDA:4,(anonymous_4)
FNDA:7,(anonymous_5)
FNDA:0,(anonymous_6)
FNDA:0,(anonymous_7)
FNDA:4,(anonymous_8)
FNDA:3,(anonymous_9)
FNDA:2,(anonymous_10)
FNDA:0,(anonymous_11)
FNDA:0,(anonymous_12)
FNDA:2,(anonymous_13)
FNDA:18,(anonymous_14)
FNDA:3,(anonymous_15)
DA:11,4
DA:25,4
DA:26,4
DA:28,4
DA:29,4
DA:30,4
DA:31,4
DA:33,4
DA:34,4
DA:35,4
DA:36,4
DA:42,4
DA:43,7
DA:54,4
DA:55,4
DA:56,4
DA:57,0
DA:60,4
DA:61,4
DA:62,4
DA:63,4
DA:67,4
DA:68,7
DA:71,7
DA:72,3
DA:75,7
DA:77,7
DA:79,7
DA:84,7
DA:85,0
DA:86,0
DA:92,7
DA:94,7
DA:96,7
DA:98,7
DA:99,0
DA:102,7
DA:104,7
DA:107,4
DA:108,0
DA:111,4
DA:112,4
DA:115,4
DA:116,4
DA:117,4
DA:122,4
DA:126,4
DA:128,4
DA:129,3
DA:138,4
DA:143,2
DA:157,4
DA:161,0
DA:163,0
DA:174,4
DA:176,0
DA:183,10
DA:185,2
DA:191,4
DA:192,18
DA:194,6
DA:196,12
DA:203,4
DA:204,3
DA:205,3
DA:207,0
DA:210,4
DA:212,4
LF:68
LH:59
BRDA:33,0,0,4
BRDA:33,0,1,4
BRDA:35,1,0,4
BRDA:35,1,1,2
BRDA:56,2,0,0
BRDA:56,2,1,4
BRDA:71,3,0,3
BRDA:71,3,1,4
BRDA:84,4,0,0
BRDA:84,4,1,7
BRDA:98,5,0,0
BRDA:98,5,1,7
BRDA:113,6,0,4
BRDA:113,6,1,4
BRDA:115,7,0,4
BRDA:115,7,1,0
BRDA:145,8,0,2
BRDA:145,8,1,2
BRDA:146,9,0,2
BRDA:146,9,1,2
BRDA:161,10,0,0
BRDA:161,10,1,0
BRDA:193,11,0,6
BRDA:193,11,1,12
BRDA:204,12,0,3
BRDA:204,12,1,0
BRF:26
BRH:19
end_of_record
